2023-03-03 09:57:00.612  INFO 15997 --- [main] com.example.smmp.SmmpApplication         : Starting SmmpApplication using Java 1.8.0_181 on cenghansens-MacBook-Pro.local with PID 15997 (/Users/zenghansen/work/java/ssmp/target/classes started by zenghansen in /Users/zenghansen/work/java)
2023-03-03 09:57:00.617  INFO 15997 --- [main] com.example.smmp.SmmpApplication         : No active profile set, falling back to 1 default profile: "default"
2023-03-03 09:57:01.865  INFO 15997 --- [main] o.s.b.w.embedded.tomcat.TomcatWebServer  : Tomcat initialized with port(s): 80 (http)
2023-03-03 09:57:01.874  INFO 15997 --- [main] o.apache.catalina.core.StandardService   : Starting service [Tomcat]
2023-03-03 09:57:01.874  INFO 15997 --- [main] org.apache.catalina.core.StandardEngine  : Starting Servlet engine: [Apache Tomcat/9.0.65]
2023-03-03 09:57:01.970  INFO 15997 --- [main] o.a.c.c.C.[Tomcat].[localhost].[/]       : Initializing Spring embedded WebApplicationContext
2023-03-03 09:57:01.970  INFO 15997 --- [main] w.s.c.ServletWebServerApplicationContext : Root WebApplicationContext: initialization completed in 1299 ms
2023-03-03 09:57:02.132  INFO 15997 --- [main] c.a.d.s.b.a.DruidDataSourceAutoConfigure : Init DruidDataSource
2023-03-03 09:57:02.255  INFO 15997 --- [main] com.alibaba.druid.pool.DruidDataSource   : {dataSource-1} inited
2023-03-03 09:57:02.821  INFO 15997 --- [main] o.s.b.w.embedded.tomcat.TomcatWebServer  : Tomcat started on port(s): 80 (http) with context path ''
2023-03-03 09:57:02.833  INFO 15997 --- [main] com.example.smmp.SmmpApplication         : Started SmmpApplication in 2.982 seconds (JVM running for 3.589)
2023-03-03 09:57:51.538  INFO 15997 --- [SpringApplicationShutdownHook] com.alibaba.druid.pool.DruidDataSource   : {dataSource-1} closing ...
2023-03-03 09:57:51.542  INFO 15997 --- [SpringApplicationShutdownHook] com.alibaba.druid.pool.DruidDataSource   : {dataSource-1} closed
2023-03-03 09:57:54.993  INFO 16460 --- [main] com.example.smmp.SmmpApplication         : Starting SmmpApplication using Java 1.8.0_181 on cenghansens-MacBook-Pro.local with PID 16460 (/Users/zenghansen/work/java/ssmp/target/classes started by zenghansen in /Users/zenghansen/work/java)
2023-03-03 09:57:54.996  INFO 16460 --- [main] com.example.smmp.SmmpApplication         : No active profile set, falling back to 1 default profile: "default"
2023-03-03 09:57:55.906  INFO 16460 --- [main] o.s.b.w.embedded.tomcat.TomcatWebServer  : Tomcat initialized with port(s): 80 (http)
2023-03-03 09:57:55.912  INFO 16460 --- [main] o.apache.catalina.core.StandardService   : Starting service [Tomcat]
2023-03-03 09:57:55.912  INFO 16460 --- [main] org.apache.catalina.core.StandardEngine  : Starting Servlet engine: [Apache Tomcat/9.0.65]
2023-03-03 09:57:55.997  INFO 16460 --- [main] o.a.c.c.C.[Tomcat].[localhost].[/]       : Initializing Spring embedded WebApplicationContext
2023-03-03 09:57:55.997  INFO 16460 --- [main] w.s.c.ServletWebServerApplicationContext : Root WebApplicationContext: initialization completed in 965 ms
2023-03-03 09:57:56.117  INFO 16460 --- [main] c.a.d.s.b.a.DruidDataSourceAutoConfigure : Init DruidDataSource
2023-03-03 09:57:56.222  INFO 16460 --- [main] com.alibaba.druid.pool.DruidDataSource   : {dataSource-1} inited
2023-03-03 09:57:56.714  INFO 16460 --- [main] o.s.b.w.embedded.tomcat.TomcatWebServer  : Tomcat started on port(s): 80 (http) with context path ''
2023-03-03 09:57:56.724  INFO 16460 --- [main] com.example.smmp.SmmpApplication         : Started SmmpApplication in 2.077 seconds (JVM running for 2.539)
2023-03-03 09:59:04.753  INFO 16460 --- [http-nio-80-exec-2] o.a.c.c.C.[Tomcat].[localhost].[/]       : Initializing Spring DispatcherServlet 'dispatcherServlet'
2023-03-03 09:59:04.754  INFO 16460 --- [http-nio-80-exec-2] o.s.web.servlet.DispatcherServlet        : Initializing Servlet 'dispatcherServlet'
2023-03-03 09:59:04.759  INFO 16460 --- [http-nio-80-exec-2] o.s.web.servlet.DispatcherServlet        : Completed initialization in 4 ms
2023-03-03 10:11:20.594  INFO 16460 --- [SpringApplicationShutdownHook] com.alibaba.druid.pool.DruidDataSource   : {dataSource-1} closing ...
2023-03-03 10:11:20.616  INFO 16460 --- [SpringApplicationShutdownHook] com.alibaba.druid.pool.DruidDataSource   : {dataSource-1} closed
2023-03-03 17:04:38.670  INFO 79699 --- [main] com.example.smmp.SmmpApplication         : Starting SmmpApplication using Java 1.8.0_181 on cenghansens-MacBook-Pro.local with PID 79699 (/Users/zenghansen/work/java/ssmp/target/classes started by zenghansen in /Users/zenghansen/work/java)
2023-03-03 17:04:38.673  INFO 79699 --- [main] com.example.smmp.SmmpApplication         : No active profile set, falling back to 1 default profile: "default"
2023-03-03 17:04:40.673  INFO 79699 --- [main] o.s.b.w.embedded.tomcat.TomcatWebServer  : Tomcat initialized with port(s): 80 (http)
2023-03-03 17:04:40.685  INFO 79699 --- [main] o.apache.catalina.core.StandardService   : Starting service [Tomcat]
2023-03-03 17:04:40.685  INFO 79699 --- [main] org.apache.catalina.core.StandardEngine  : Starting Servlet engine: [Apache Tomcat/9.0.65]
2023-03-03 17:04:40.820  INFO 79699 --- [main] o.a.c.c.C.[Tomcat].[localhost].[/]       : Initializing Spring embedded WebApplicationContext
2023-03-03 17:04:40.820  INFO 79699 --- [main] w.s.c.ServletWebServerApplicationContext : Root WebApplicationContext: initialization completed in 2060 ms
2023-03-03 17:04:41.075  INFO 79699 --- [main] c.a.d.s.b.a.DruidDataSourceAutoConfigure : Init DruidDataSource
2023-03-03 17:04:41.223  INFO 79699 --- [main] com.alibaba.druid.pool.DruidDataSource   : {dataSource-1} inited
2023-03-03 17:04:41.817  WARN 79699 --- [main] ConfigServletWebServerApplicationContext : Exception encountered during context initialization - cancelling refresh attempt: org.springframework.context.ApplicationContextException: Failed to start bean 'webServerStartStop'; nested exception is org.springframework.boot.web.server.PortInUseException: Port 80 is already in use
2023-03-03 17:04:41.818  INFO 79699 --- [main] com.alibaba.druid.pool.DruidDataSource   : {dataSource-1} closing ...
2023-03-03 17:04:41.819  INFO 79699 --- [main] com.alibaba.druid.pool.DruidDataSource   : {dataSource-1} closed
2023-03-03 17:04:41.821  INFO 79699 --- [main] o.apache.catalina.core.StandardService   : Stopping service [Tomcat]
2023-03-03 17:04:41.829  INFO 79699 --- [main] ConditionEvaluationReportLoggingListener : 

Error starting ApplicationContext. To display the conditions report re-run your application with 'debug' enabled.
2023-03-03 17:04:41.845 ERROR 79699 --- [main] o.s.b.d.LoggingFailureAnalysisReporter   : 

***************************
APPLICATION FAILED TO START
***************************

Description:

Web server failed to start. Port 80 was already in use.

Action:

Identify and stop the process that's listening on port 80 or configure this application to listen on another port.

2023-03-03 17:05:09.486  INFO 79970 --- [main] com.example.smmp.SmmpApplication         : Starting SmmpApplication using Java 1.8.0_181 on cenghansens-MacBook-Pro.local with PID 79970 (/Users/zenghansen/work/java/ssmp/target/classes started by zenghansen in /Users/zenghansen/work/java)
2023-03-03 17:05:09.488  INFO 79970 --- [main] com.example.smmp.SmmpApplication         : No active profile set, falling back to 1 default profile: "default"
2023-03-03 17:05:10.581  INFO 79970 --- [main] o.s.b.w.embedded.tomcat.TomcatWebServer  : Tomcat initialized with port(s): 8080 (http)
2023-03-03 17:05:10.591  INFO 79970 --- [main] o.apache.catalina.core.StandardService   : Starting service [Tomcat]
2023-03-03 17:05:10.591  INFO 79970 --- [main] org.apache.catalina.core.StandardEngine  : Starting Servlet engine: [Apache Tomcat/9.0.65]
2023-03-03 17:05:10.706  INFO 79970 --- [main] o.a.c.c.C.[Tomcat].[localhost].[/]       : Initializing Spring embedded WebApplicationContext
2023-03-03 17:05:10.706  INFO 79970 --- [main] w.s.c.ServletWebServerApplicationContext : Root WebApplicationContext: initialization completed in 1180 ms
2023-03-03 17:05:10.877  INFO 79970 --- [main] c.a.d.s.b.a.DruidDataSourceAutoConfigure : Init DruidDataSource
2023-03-03 17:05:11.030  INFO 79970 --- [main] com.alibaba.druid.pool.DruidDataSource   : {dataSource-1} inited
2023-03-03 17:05:11.611  INFO 79970 --- [main] o.s.b.w.embedded.tomcat.TomcatWebServer  : Tomcat started on port(s): 8080 (http) with context path ''
2023-03-03 17:05:11.617  INFO 79970 --- [main] s.a.ScheduledAnnotationBeanPostProcessor : No TaskScheduler/ScheduledExecutorService bean found for scheduled processing
2023-03-03 17:05:11.625  INFO 79970 --- [main] com.example.smmp.SmmpApplication         : Started SmmpApplication in 2.598 seconds (JVM running for 3.099)
2023-03-03 17:05:15.477  INFO 79970 --- [SpringApplicationShutdownHook] com.alibaba.druid.pool.DruidDataSource   : {dataSource-1} closing ...
2023-03-03 17:05:15.478  INFO 79970 --- [SpringApplicationShutdownHook] com.alibaba.druid.pool.DruidDataSource   : {dataSource-1} closed
2023-03-03 17:13:32.595  INFO 84213 --- [main] com.example.smmp.SmmpApplication         : Starting SmmpApplication using Java 1.8.0_181 on cenghansens-MacBook-Pro.local with PID 84213 (/Users/zenghansen/work/java/ssmp/target/classes started by zenghansen in /Users/zenghansen/work/java)
2023-03-03 17:13:32.602  INFO 84213 --- [main] com.example.smmp.SmmpApplication         : No active profile set, falling back to 1 default profile: "default"
2023-03-03 17:13:34.222  INFO 84213 --- [main] o.s.b.w.embedded.tomcat.TomcatWebServer  : Tomcat initialized with port(s): 8080 (http)
2023-03-03 17:13:34.240  INFO 84213 --- [main] o.apache.catalina.core.StandardService   : Starting service [Tomcat]
2023-03-03 17:13:34.241  INFO 84213 --- [main] org.apache.catalina.core.StandardEngine  : Starting Servlet engine: [Apache Tomcat/9.0.65]
2023-03-03 17:13:34.609  INFO 84213 --- [main] o.a.c.c.C.[Tomcat].[localhost].[/]       : Initializing Spring embedded WebApplicationContext
2023-03-03 17:13:34.610  INFO 84213 --- [main] w.s.c.ServletWebServerApplicationContext : Root WebApplicationContext: initialization completed in 1928 ms
2023-03-03 17:13:34.951  INFO 84213 --- [main] c.a.d.s.b.a.DruidDataSourceAutoConfigure : Init DruidDataSource
2023-03-03 17:13:35.256  INFO 84213 --- [main] com.alibaba.druid.pool.DruidDataSource   : {dataSource-1} inited
2023-03-03 17:13:36.199  INFO 84213 --- [main] o.s.b.w.embedded.tomcat.TomcatWebServer  : Tomcat started on port(s): 8080 (http) with context path ''
2023-03-03 17:13:36.215  INFO 84213 --- [main] s.a.ScheduledAnnotationBeanPostProcessor : No TaskScheduler/ScheduledExecutorService bean found for scheduled processing
2023-03-03 17:13:36.229  INFO 84213 --- [main] com.example.smmp.SmmpApplication         : Started SmmpApplication in 4.354 seconds (JVM running for 5.064)
2023-03-03 17:13:41.828  INFO 84213 --- [SpringApplicationShutdownHook] com.alibaba.druid.pool.DruidDataSource   : {dataSource-1} closing ...
2023-03-03 17:13:41.829  INFO 84213 --- [SpringApplicationShutdownHook] com.alibaba.druid.pool.DruidDataSource   : {dataSource-1} closed
2023-03-03 17:37:29.831  INFO 96242 --- [main] com.example.smmp.SmmpApplication         : Starting SmmpApplication using Java 1.8.0_181 on cenghansens-MacBook-Pro.local with PID 96242 (/Users/zenghansen/work/java/ssmp/target/classes started by zenghansen in /Users/zenghansen/work/java)
2023-03-03 17:37:29.834  INFO 96242 --- [main] com.example.smmp.SmmpApplication         : No active profile set, falling back to 1 default profile: "default"
2023-03-03 17:37:30.825  INFO 96242 --- [main] o.s.b.w.embedded.tomcat.TomcatWebServer  : Tomcat initialized with port(s): 8080 (http)
2023-03-03 17:37:30.833  INFO 96242 --- [main] o.apache.catalina.core.StandardService   : Starting service [Tomcat]
2023-03-03 17:37:30.833  INFO 96242 --- [main] org.apache.catalina.core.StandardEngine  : Starting Servlet engine: [Apache Tomcat/9.0.65]
2023-03-03 17:37:30.927  INFO 96242 --- [main] o.a.c.c.C.[Tomcat].[localhost].[/]       : Initializing Spring embedded WebApplicationContext
2023-03-03 17:37:30.927  INFO 96242 --- [main] w.s.c.ServletWebServerApplicationContext : Root WebApplicationContext: initialization completed in 1057 ms
2023-03-03 17:37:31.060  INFO 96242 --- [main] c.a.d.s.b.a.DruidDataSourceAutoConfigure : Init DruidDataSource
2023-03-03 17:37:31.167  INFO 96242 --- [main] com.alibaba.druid.pool.DruidDataSource   : {dataSource-1} inited
2023-03-03 17:37:31.691  WARN 96242 --- [main] ConfigServletWebServerApplicationContext : Exception encountered during context initialization - cancelling refresh attempt: org.springframework.context.ApplicationContextException: Failed to start bean 'webServerStartStop'; nested exception is org.springframework.boot.web.server.PortInUseException: Port 8080 is already in use
2023-03-03 17:37:31.693  INFO 96242 --- [main] com.alibaba.druid.pool.DruidDataSource   : {dataSource-1} closing ...
2023-03-03 17:37:31.694  INFO 96242 --- [main] com.alibaba.druid.pool.DruidDataSource   : {dataSource-1} closed
2023-03-03 17:37:31.696  INFO 96242 --- [main] o.apache.catalina.core.StandardService   : Stopping service [Tomcat]
2023-03-03 17:37:31.713  INFO 96242 --- [main] ConditionEvaluationReportLoggingListener : 

Error starting ApplicationContext. To display the conditions report re-run your application with 'debug' enabled.
2023-03-03 17:37:31.735 ERROR 96242 --- [main] o.s.b.d.LoggingFailureAnalysisReporter   : 

***************************
APPLICATION FAILED TO START
***************************

Description:

Web server failed to start. Port 8080 was already in use.

Action:

Identify and stop the process that's listening on port 8080 or configure this application to listen on another port.

2023-03-03 17:37:44.769  INFO 96367 --- [main] com.example.smmp.SmmpApplication         : Starting SmmpApplication using Java 1.8.0_181 on cenghansens-MacBook-Pro.local with PID 96367 (/Users/zenghansen/work/java/ssmp/target/classes started by zenghansen in /Users/zenghansen/work/java)
2023-03-03 17:37:44.772  INFO 96367 --- [main] com.example.smmp.SmmpApplication         : No active profile set, falling back to 1 default profile: "default"
2023-03-03 17:37:45.746  INFO 96367 --- [main] o.s.b.w.embedded.tomcat.TomcatWebServer  : Tomcat initialized with port(s): 8080 (http)
2023-03-03 17:37:45.753  INFO 96367 --- [main] o.apache.catalina.core.StandardService   : Starting service [Tomcat]
2023-03-03 17:37:45.753  INFO 96367 --- [main] org.apache.catalina.core.StandardEngine  : Starting Servlet engine: [Apache Tomcat/9.0.65]
2023-03-03 17:37:45.856  INFO 96367 --- [main] o.a.c.c.C.[Tomcat].[localhost].[/]       : Initializing Spring embedded WebApplicationContext
2023-03-03 17:37:45.856  INFO 96367 --- [main] w.s.c.ServletWebServerApplicationContext : Root WebApplicationContext: initialization completed in 1046 ms
2023-03-03 17:37:45.972  INFO 96367 --- [main] c.a.d.s.b.a.DruidDataSourceAutoConfigure : Init DruidDataSource
2023-03-03 17:37:46.058  INFO 96367 --- [main] com.alibaba.druid.pool.DruidDataSource   : {dataSource-1} inited
2023-03-03 17:37:46.520  INFO 96367 --- [main] o.s.b.w.embedded.tomcat.TomcatWebServer  : Tomcat started on port(s): 8080 (http) with context path ''
2023-03-03 17:37:46.526  INFO 96367 --- [main] s.a.ScheduledAnnotationBeanPostProcessor : No TaskScheduler/ScheduledExecutorService bean found for scheduled processing
2023-03-03 17:37:46.532  INFO 96367 --- [main] com.example.smmp.SmmpApplication         : Started SmmpApplication in 2.217 seconds (JVM running for 2.704)
2023-03-03 17:37:49.485  INFO 96367 --- [SpringApplicationShutdownHook] com.alibaba.druid.pool.DruidDataSource   : {dataSource-1} closing ...
2023-03-03 17:37:49.487  INFO 96367 --- [SpringApplicationShutdownHook] com.alibaba.druid.pool.DruidDataSource   : {dataSource-1} closed
